2024-06-06 20:09:32,476 [Worker-5: Loading available Gradle versions] INFO  o.e.b.c.i.u.g.PublishedGradleVersions - Gradle version information cache is up-to-date. Trying to read.
2024-06-06 20:10:18,457 [Worker-19: Launching mavenrun-7a417f57-aeb2-449f-bef7-ae4785595e20] INFO  o.eclipse.m2e.core.internal.Bundles - getClasspathEntries(Bundle=org.eclipse.m2e.maven.runtime_3.9.600.20231203-1234 [637])
2024-06-06 20:10:18,466 [Worker-19: Launching mavenrun-7a417f57-aeb2-449f-bef7-ae4785595e20] INFO  o.eclipse.m2e.core.internal.Bundles - 	Entry: C:\Users\99081\.p2\pool\plugins\org.eclipse.m2e.maven.runtime_3.9.600.20231203-1234
2024-06-06 20:10:18,468 [Worker-19: Launching mavenrun-7a417f57-aeb2-449f-bef7-ae4785595e20] INFO  o.eclipse.m2e.core.internal.Bundles - 	Entry: C:\Users\99081\.p2\pool\plugins\org.eclipse.m2e.maven.runtime_3.9.600.20231203-1234\jars\aopalliance-1.0.jar
2024-06-06 20:10:18,470 [Worker-19: Launching mavenrun-7a417f57-aeb2-449f-bef7-ae4785595e20] INFO  o.eclipse.m2e.core.internal.Bundles - 	Entry: C:\Users\99081\.p2\pool\plugins\org.eclipse.m2e.maven.runtime_3.9.600.20231203-1234\jars\guice-5.1.0.jar
2024-06-06 20:10:18,472 [Worker-19: Launching mavenrun-7a417f57-aeb2-449f-bef7-ae4785595e20] INFO  o.eclipse.m2e.core.internal.Bundles - 	Entry: C:\Users\99081\.p2\pool\plugins\org.eclipse.m2e.maven.runtime_3.9.600.20231203-1234\jars\httpclient-4.5.14.jar
2024-06-06 20:10:18,472 [Worker-19: Launching mavenrun-7a417f57-aeb2-449f-bef7-ae4785595e20] INFO  o.eclipse.m2e.core.internal.Bundles - 	Entry: C:\Users\99081\.p2\pool\plugins\org.eclipse.m2e.maven.runtime_3.9.600.20231203-1234\jars\httpcore-4.4.16.jar
2024-06-06 20:10:18,473 [Worker-19: Launching mavenrun-7a417f57-aeb2-449f-bef7-ae4785595e20] INFO  o.eclipse.m2e.core.internal.Bundles - 	Entry: C:\Users\99081\.p2\pool\plugins\org.eclipse.m2e.maven.runtime_3.9.600.20231203-1234\jars\jansi-2.4.0.jar
2024-06-06 20:10:18,474 [Worker-19: Launching mavenrun-7a417f57-aeb2-449f-bef7-ae4785595e20] INFO  o.eclipse.m2e.core.internal.Bundles - 	Entry: C:\Users\99081\.p2\pool\plugins\org.eclipse.m2e.maven.runtime_3.9.600.20231203-1234\jars\jcl-over-slf4j-1.7.36.jar
2024-06-06 20:10:18,475 [Worker-19: Launching mavenrun-7a417f57-aeb2-449f-bef7-ae4785595e20] INFO  o.eclipse.m2e.core.internal.Bundles - 	Entry: C:\Users\99081\.p2\pool\plugins\org.eclipse.m2e.maven.runtime_3.9.600.20231203-1234\jars\maven-artifact-3.9.6.jar
2024-06-06 20:10:18,476 [Worker-19: Launching mavenrun-7a417f57-aeb2-449f-bef7-ae4785595e20] INFO  o.eclipse.m2e.core.internal.Bundles - 	Entry: C:\Users\99081\.p2\pool\plugins\org.eclipse.m2e.maven.runtime_3.9.600.20231203-1234\jars\maven-builder-support-3.9.6.jar
2024-06-06 20:10:18,478 [Worker-19: Launching mavenrun-7a417f57-aeb2-449f-bef7-ae4785595e20] INFO  o.eclipse.m2e.core.internal.Bundles - 	Entry: C:\Users\99081\.p2\pool\plugins\org.eclipse.m2e.maven.runtime_3.9.600.20231203-1234\jars\maven-compat-3.9.6.jar
2024-06-06 20:10:18,479 [Worker-19: Launching mavenrun-7a417f57-aeb2-449f-bef7-ae4785595e20] INFO  o.eclipse.m2e.core.internal.Bundles - 	Entry: C:\Users\99081\.p2\pool\plugins\org.eclipse.m2e.maven.runtime_3.9.600.20231203-1234\jars\maven-core-3.9.6.jar
2024-06-06 20:10:18,480 [Worker-19: Launching mavenrun-7a417f57-aeb2-449f-bef7-ae4785595e20] INFO  o.eclipse.m2e.core.internal.Bundles - 	Entry: C:\Users\99081\.p2\pool\plugins\org.eclipse.m2e.maven.runtime_3.9.600.20231203-1234\jars\maven-embedder-3.9.6.jar
2024-06-06 20:10:18,481 [Worker-19: Launching mavenrun-7a417f57-aeb2-449f-bef7-ae4785595e20] INFO  o.eclipse.m2e.core.internal.Bundles - 	Entry: C:\Users\99081\.p2\pool\plugins\org.eclipse.m2e.maven.runtime_3.9.600.20231203-1234\jars\maven-model-3.9.6.jar
2024-06-06 20:10:18,482 [Worker-19: Launching mavenrun-7a417f57-aeb2-449f-bef7-ae4785595e20] INFO  o.eclipse.m2e.core.internal.Bundles - 	Entry: C:\Users\99081\.p2\pool\plugins\org.eclipse.m2e.maven.runtime_3.9.600.20231203-1234\jars\maven-model-builder-3.9.6.jar
2024-06-06 20:10:18,482 [Worker-19: Launching mavenrun-7a417f57-aeb2-449f-bef7-ae4785595e20] INFO  o.eclipse.m2e.core.internal.Bundles - 	Entry: C:\Users\99081\.p2\pool\plugins\org.eclipse.m2e.maven.runtime_3.9.600.20231203-1234\jars\maven-plugin-api-3.9.6.jar
2024-06-06 20:10:18,483 [Worker-19: Launching mavenrun-7a417f57-aeb2-449f-bef7-ae4785595e20] INFO  o.eclipse.m2e.core.internal.Bundles - 	Entry: C:\Users\99081\.p2\pool\plugins\org.eclipse.m2e.maven.runtime_3.9.600.20231203-1234\jars\maven-repository-metadata-3.9.6.jar
2024-06-06 20:10:18,485 [Worker-19: Launching mavenrun-7a417f57-aeb2-449f-bef7-ae4785595e20] INFO  o.eclipse.m2e.core.internal.Bundles - 	Entry: C:\Users\99081\.p2\pool\plugins\org.eclipse.m2e.maven.runtime_3.9.600.20231203-1234\jars\maven-resolver-api-1.9.18.jar
2024-06-06 20:10:18,485 [Worker-19: Launching mavenrun-7a417f57-aeb2-449f-bef7-ae4785595e20] INFO  o.eclipse.m2e.core.internal.Bundles - 	Entry: C:\Users\99081\.p2\pool\plugins\org.eclipse.m2e.maven.runtime_3.9.600.20231203-1234\jars\maven-resolver-connector-basic-1.9.18.jar
2024-06-06 20:10:18,487 [Worker-19: Launching mavenrun-7a417f57-aeb2-449f-bef7-ae4785595e20] INFO  o.eclipse.m2e.core.internal.Bundles - 	Entry: C:\Users\99081\.p2\pool\plugins\org.eclipse.m2e.maven.runtime_3.9.600.20231203-1234\jars\maven-resolver-impl-1.9.18.jar
2024-06-06 20:10:18,488 [Worker-19: Launching mavenrun-7a417f57-aeb2-449f-bef7-ae4785595e20] INFO  o.eclipse.m2e.core.internal.Bundles - 	Entry: C:\Users\99081\.p2\pool\plugins\org.eclipse.m2e.maven.runtime_3.9.600.20231203-1234\jars\maven-resolver-named-locks-1.9.18.jar
2024-06-06 20:10:18,490 [Worker-19: Launching mavenrun-7a417f57-aeb2-449f-bef7-ae4785595e20] INFO  o.eclipse.m2e.core.internal.Bundles - 	Entry: C:\Users\99081\.p2\pool\plugins\org.eclipse.m2e.maven.runtime_3.9.600.20231203-1234\jars\maven-resolver-provider-3.9.6.jar
2024-06-06 20:10:18,490 [Worker-19: Launching mavenrun-7a417f57-aeb2-449f-bef7-ae4785595e20] INFO  o.eclipse.m2e.core.internal.Bundles - 	Entry: C:\Users\99081\.p2\pool\plugins\org.eclipse.m2e.maven.runtime_3.9.600.20231203-1234\jars\maven-resolver-spi-1.9.18.jar
2024-06-06 20:10:18,491 [Worker-19: Launching mavenrun-7a417f57-aeb2-449f-bef7-ae4785595e20] INFO  o.eclipse.m2e.core.internal.Bundles - 	Entry: C:\Users\99081\.p2\pool\plugins\org.eclipse.m2e.maven.runtime_3.9.600.20231203-1234\jars\maven-resolver-transport-file-1.9.18.jar
2024-06-06 20:10:18,493 [Worker-19: Launching mavenrun-7a417f57-aeb2-449f-bef7-ae4785595e20] INFO  o.eclipse.m2e.core.internal.Bundles - 	Entry: C:\Users\99081\.p2\pool\plugins\org.eclipse.m2e.maven.runtime_3.9.600.20231203-1234\jars\maven-resolver-transport-http-1.9.18.jar
2024-06-06 20:10:18,494 [Worker-19: Launching mavenrun-7a417f57-aeb2-449f-bef7-ae4785595e20] INFO  o.eclipse.m2e.core.internal.Bundles - 	Entry: C:\Users\99081\.p2\pool\plugins\org.eclipse.m2e.maven.runtime_3.9.600.20231203-1234\jars\maven-resolver-transport-wagon-1.9.18.jar
2024-06-06 20:10:18,496 [Worker-19: Launching mavenrun-7a417f57-aeb2-449f-bef7-ae4785595e20] INFO  o.eclipse.m2e.core.internal.Bundles - 	Entry: C:\Users\99081\.p2\pool\plugins\org.eclipse.m2e.maven.runtime_3.9.600.20231203-1234\jars\maven-resolver-util-1.9.18.jar
2024-06-06 20:10:18,500 [Worker-19: Launching mavenrun-7a417f57-aeb2-449f-bef7-ae4785595e20] INFO  o.eclipse.m2e.core.internal.Bundles - 	Entry: C:\Users\99081\.p2\pool\plugins\org.eclipse.m2e.maven.runtime_3.9.600.20231203-1234\jars\maven-settings-3.9.6.jar
2024-06-06 20:10:18,501 [Worker-19: Launching mavenrun-7a417f57-aeb2-449f-bef7-ae4785595e20] INFO  o.eclipse.m2e.core.internal.Bundles - 	Entry: C:\Users\99081\.p2\pool\plugins\org.eclipse.m2e.maven.runtime_3.9.600.20231203-1234\jars\maven-settings-builder-3.9.6.jar
2024-06-06 20:10:18,501 [Worker-19: Launching mavenrun-7a417f57-aeb2-449f-bef7-ae4785595e20] INFO  o.eclipse.m2e.core.internal.Bundles - 	Entry: C:\Users\99081\.p2\pool\plugins\org.eclipse.m2e.maven.runtime_3.9.600.20231203-1234\jars\maven-shared-utils-3.3.4.jar
2024-06-06 20:10:18,502 [Worker-19: Launching mavenrun-7a417f57-aeb2-449f-bef7-ae4785595e20] INFO  o.eclipse.m2e.core.internal.Bundles - 	Entry: C:\Users\99081\.p2\pool\plugins\org.eclipse.m2e.maven.runtime_3.9.600.20231203-1234\jars\org.eclipse.sisu.inject-0.9.0.M2.jar
2024-06-06 20:10:18,504 [Worker-19: Launching mavenrun-7a417f57-aeb2-449f-bef7-ae4785595e20] INFO  o.eclipse.m2e.core.internal.Bundles - 	Entry: C:\Users\99081\.p2\pool\plugins\org.eclipse.m2e.maven.runtime_3.9.600.20231203-1234\jars\org.eclipse.sisu.plexus-0.9.0.M2.jar
2024-06-06 20:10:18,505 [Worker-19: Launching mavenrun-7a417f57-aeb2-449f-bef7-ae4785595e20] INFO  o.eclipse.m2e.core.internal.Bundles - 	Entry: C:\Users\99081\.p2\pool\plugins\org.eclipse.m2e.maven.runtime_3.9.600.20231203-1234\jars\plexus-build-api-0.0.7.jar
2024-06-06 20:10:18,506 [Worker-19: Launching mavenrun-7a417f57-aeb2-449f-bef7-ae4785595e20] INFO  o.eclipse.m2e.core.internal.Bundles - 	Entry: C:\Users\99081\.p2\pool\plugins\org.eclipse.m2e.maven.runtime_3.9.600.20231203-1234\jars\plexus-cipher-2.0.jar
2024-06-06 20:10:18,508 [Worker-19: Launching mavenrun-7a417f57-aeb2-449f-bef7-ae4785595e20] INFO  o.eclipse.m2e.core.internal.Bundles - 	Entry: C:\Users\99081\.p2\pool\plugins\org.eclipse.m2e.maven.runtime_3.9.600.20231203-1234\jars\plexus-classworlds-2.7.0.jar
2024-06-06 20:10:18,509 [Worker-19: Launching mavenrun-7a417f57-aeb2-449f-bef7-ae4785595e20] INFO  o.eclipse.m2e.core.internal.Bundles - 	Entry: C:\Users\99081\.p2\pool\plugins\org.eclipse.m2e.maven.runtime_3.9.600.20231203-1234\jars\plexus-component-annotations-2.1.0.jar
2024-06-06 20:10:18,510 [Worker-19: Launching mavenrun-7a417f57-aeb2-449f-bef7-ae4785595e20] INFO  o.eclipse.m2e.core.internal.Bundles - 	Entry: C:\Users\99081\.p2\pool\plugins\org.eclipse.m2e.maven.runtime_3.9.600.20231203-1234\jars\plexus-interpolation-1.26.jar
2024-06-06 20:10:18,515 [Worker-19: Launching mavenrun-7a417f57-aeb2-449f-bef7-ae4785595e20] INFO  o.eclipse.m2e.core.internal.Bundles - 	Entry: C:\Users\99081\.p2\pool\plugins\org.eclipse.m2e.maven.runtime_3.9.600.20231203-1234\jars\plexus-sec-dispatcher-2.0.jar
2024-06-06 20:10:18,516 [Worker-19: Launching mavenrun-7a417f57-aeb2-449f-bef7-ae4785595e20] INFO  o.eclipse.m2e.core.internal.Bundles - 	Entry: C:\Users\99081\.p2\pool\plugins\org.eclipse.m2e.maven.runtime_3.9.600.20231203-1234\jars\plexus-utils-3.5.1.jar
2024-06-06 20:10:18,517 [Worker-19: Launching mavenrun-7a417f57-aeb2-449f-bef7-ae4785595e20] INFO  o.eclipse.m2e.core.internal.Bundles - 	Entry: C:\Users\99081\.p2\pool\plugins\org.eclipse.m2e.maven.runtime_3.9.600.20231203-1234\jars\wagon-file-3.5.3.jar
2024-06-06 20:10:18,519 [Worker-19: Launching mavenrun-7a417f57-aeb2-449f-bef7-ae4785595e20] INFO  o.eclipse.m2e.core.internal.Bundles - 	Entry: C:\Users\99081\.p2\pool\plugins\org.eclipse.m2e.maven.runtime_3.9.600.20231203-1234\jars\wagon-http-3.5.3.jar
2024-06-06 20:10:18,521 [Worker-19: Launching mavenrun-7a417f57-aeb2-449f-bef7-ae4785595e20] INFO  o.eclipse.m2e.core.internal.Bundles - 	Entry: C:\Users\99081\.p2\pool\plugins\org.eclipse.m2e.maven.runtime_3.9.600.20231203-1234\jars\wagon-http-shared-3.5.3.jar
2024-06-06 20:10:18,522 [Worker-19: Launching mavenrun-7a417f57-aeb2-449f-bef7-ae4785595e20] INFO  o.eclipse.m2e.core.internal.Bundles - 	Entry: C:\Users\99081\.p2\pool\plugins\org.eclipse.m2e.maven.runtime_3.9.600.20231203-1234\jars\wagon-provider-api-3.5.3.jar
2024-06-06 20:10:18,528 [Worker-19: Launching mavenrun-7a417f57-aeb2-449f-bef7-ae4785595e20] INFO  o.eclipse.m2e.core.internal.Bundles - getClasspathEntries(Bundle=com.google.guava_33.0.0.jre [14])
2024-06-06 20:10:18,530 [Worker-19: Launching mavenrun-7a417f57-aeb2-449f-bef7-ae4785595e20] INFO  o.eclipse.m2e.core.internal.Bundles - 	Entry: C:\Users\99081\.p2\pool\plugins\com.google.guava_33.0.0.jre.jar
2024-06-06 20:10:18,530 [Worker-19: Launching mavenrun-7a417f57-aeb2-449f-bef7-ae4785595e20] INFO  o.eclipse.m2e.core.internal.Bundles - getClasspathEntries(Bundle=slf4j.api_2.0.13 [999])
2024-06-06 20:10:18,532 [Worker-19: Launching mavenrun-7a417f57-aeb2-449f-bef7-ae4785595e20] INFO  o.eclipse.m2e.core.internal.Bundles - 	Entry: C:\Users\99081\.p2\pool\plugins\slf4j.api_2.0.13.jar
2024-06-06 20:10:18,532 [Worker-19: Launching mavenrun-7a417f57-aeb2-449f-bef7-ae4785595e20] INFO  o.eclipse.m2e.core.internal.Bundles - getClasspathEntries(Bundle=jakarta.inject.jakarta.inject-api_1.0.5 [32])
2024-06-06 20:10:18,535 [Worker-19: Launching mavenrun-7a417f57-aeb2-449f-bef7-ae4785595e20] INFO  o.eclipse.m2e.core.internal.Bundles - 	Entry: C:\Users\99081\.p2\pool\plugins\jakarta.inject.jakarta.inject-api_1.0.5.jar
2024-06-06 20:10:18,535 [Worker-19: Launching mavenrun-7a417f57-aeb2-449f-bef7-ae4785595e20] INFO  o.eclipse.m2e.core.internal.Bundles - getClasspathEntries(Bundle=jakarta.annotation-api_1.3.5 [27])
2024-06-06 20:10:18,536 [Worker-19: Launching mavenrun-7a417f57-aeb2-449f-bef7-ae4785595e20] INFO  o.eclipse.m2e.core.internal.Bundles - 	Entry: C:\Users\99081\.p2\pool\plugins\jakarta.annotation-api_1.3.5.jar
2024-06-06 20:10:18,538 [Worker-19: Launching mavenrun-7a417f57-aeb2-449f-bef7-ae4785595e20] INFO  o.eclipse.m2e.core.internal.Bundles - getClasspathEntries(Bundle=org.apache.commons.cli_1.6.0 [75])
2024-06-06 20:10:18,539 [Worker-19: Launching mavenrun-7a417f57-aeb2-449f-bef7-ae4785595e20] INFO  o.eclipse.m2e.core.internal.Bundles - 	Entry: C:\Users\99081\.p2\pool\plugins\org.apache.commons.cli_1.6.0.jar
2024-06-06 20:10:18,540 [Worker-19: Launching mavenrun-7a417f57-aeb2-449f-bef7-ae4785595e20] INFO  o.eclipse.m2e.core.internal.Bundles - getClasspathEntries(Bundle=org.apache.commons.commons-codec_1.16.0 [78])
2024-06-06 20:10:18,542 [Worker-19: Launching mavenrun-7a417f57-aeb2-449f-bef7-ae4785595e20] INFO  o.eclipse.m2e.core.internal.Bundles - 	Entry: C:\Users\99081\.p2\pool\plugins\org.apache.commons.commons-codec_1.16.0.jar
2024-06-06 20:10:18,543 [Worker-19: Launching mavenrun-7a417f57-aeb2-449f-bef7-ae4785595e20] INFO  o.eclipse.m2e.core.internal.Bundles - getClasspathEntries(Bundle=org.apache.commons.lang3_3.14.0 [86])
2024-06-06 20:10:18,545 [Worker-19: Launching mavenrun-7a417f57-aeb2-449f-bef7-ae4785595e20] INFO  o.eclipse.m2e.core.internal.Bundles - 	Entry: C:\Users\99081\.p2\pool\plugins\org.apache.commons.lang3_3.14.0.jar
2024-06-06 20:10:18,546 [Worker-19: Launching mavenrun-7a417f57-aeb2-449f-bef7-ae4785595e20] INFO  o.eclipse.m2e.core.internal.Bundles - getClasspathEntries(Bundle=com.google.guava.failureaccess_1.0.2 [15])
2024-06-06 20:10:18,548 [Worker-19: Launching mavenrun-7a417f57-aeb2-449f-bef7-ae4785595e20] INFO  o.eclipse.m2e.core.internal.Bundles - 	Entry: C:\Users\99081\.p2\pool\plugins\com.google.guava.failureaccess_1.0.2.jar
2024-06-06 20:10:18,578 [Worker-19: Launching mavenrun-7a417f57-aeb2-449f-bef7-ae4785595e20] INFO  o.e.m.i.launch.MavenLaunchDelegate - Run build in "C:\Users\99081\AppData\Local\Temp\m2e-archetypeGenerator9105637729761411443":
2024-06-06 20:10:18,587 [Worker-19: Launching mavenrun-7a417f57-aeb2-449f-bef7-ae4785595e20] INFO  o.e.m.i.launch.MavenLaunchDelegate -  mvn  -DarchetypeGroupId=org.apache.maven.archetypes -DarchetypeArtifactId=maven-archetype-quickstart -DarchetypeVersion=1.1 -DgroupId=grp -DartifactId=arti -Dversion=0.0.1-SNAPSHOT -Dpackage=grp.arti -DoutputDirectory=C:\Users\99081\OneDrive\Desktop\FSJ_projects -Dstyle.color=always -U archetype:generate
2024-06-06 20:10:49,400 [Worker-13: Creating maven-archetype-quickstart] INFO  o.e.m.c.i.p.ProjectConfigurationManager - Collecting project info '/pom.xml' C:\Users\99081\OneDrive\Desktop\FSJ_projects\arti\pom.xml
2024-06-06 20:10:51,361 [Worker-13: Creating maven-archetype-quickstart] INFO  o.e.m.c.i.l.LifecycleMappingFactory - Using org.eclipse.m2e.jdt.JarLifecycleMapping lifecycle mapping for MavenProject: grp:arti:0.0.1-SNAPSHOT @ C:\Users\99081\OneDrive\Desktop\FSJ_projects\arti\pom.xml.
2024-06-06 20:10:53,349 [Worker-13: Creating maven-archetype-quickstart] INFO  o.e.m.j.i.AbstractJavaProjectConfigurator - Adding source folder /arti/src/main/java
2024-06-06 20:10:53,355 [Worker-13: Creating maven-archetype-quickstart] INFO  o.e.m.j.i.AbstractJavaProjectConfigurator - Adding resource folder /arti/src/main/resources
2024-06-06 20:10:53,363 [Worker-13: Creating maven-archetype-quickstart] INFO  o.e.m.j.i.AbstractJavaProjectConfigurator - Adding source folder /arti/src/test/java
2024-06-06 20:10:53,366 [Worker-13: Creating maven-archetype-quickstart] INFO  o.e.m.j.i.AbstractJavaProjectConfigurator - Adding resource folder /arti/src/test/resources
2024-06-06 20:10:53,711 [Worker-13: Creating maven-archetype-quickstart] INFO  o.e.m.c.i.p.ProjectConfigurationManager - Imported and configured 1 project(s) in 4 sec
2024-06-06 20:10:55,705 [Worker-11: Building] INFO  o.a.m.s.f.DefaultMavenResourcesFiltering - skip non existing resourceDirectory C:\Users\99081\OneDrive\Desktop\FSJ_projects\arti\src\main\resources
2024-06-06 20:10:55,715 [Worker-11: Building] INFO  o.a.m.s.f.DefaultMavenResourcesFiltering - skip non existing resourceDirectory C:\Users\99081\OneDrive\Desktop\FSJ_projects\arti\src\test\resources
